[debug] [2021-11-17T23:38:07.338Z] ----------------------------------------------------------------------
[debug] [2021-11-17T23:38:07.341Z] Command:       C:\PROGRAM FILES\NODEJS\node.exe C:\Users\moysa\AppData\Roaming\npm\node_modules\firebase-tools\lib\bin\firebase.js init
[debug] [2021-11-17T23:38:07.341Z] CLI Version:   9.22.0
[debug] [2021-11-17T23:38:07.341Z] Platform:      win32
[debug] [2021-11-17T23:38:07.341Z] Node Version:  v14.16.0
[debug] [2021-11-17T23:38:07.342Z] Time:          Wed Nov 17 2021 17:38:07 GMT-0600 (hora estándar central)
[debug] [2021-11-17T23:38:07.342Z] ----------------------------------------------------------------------
[debug] 
[debug] [2021-11-17T23:38:07.368Z] > command requires scopes: ["email","openid","https://www.googleapis.com/auth/cloudplatformprojects.readonly","https://www.googleapis.com/auth/firebase","https://www.googleapis.com/auth/cloud-platform"]
[debug] [2021-11-17T23:38:07.369Z] > authorizing via signed-in user (moy.sav21@gmail.com)
[info] 
     ######## #### ########  ######## ########     ###     ######  ########
     ##        ##  ##     ## ##       ##     ##  ##   ##  ##       ##
     ######    ##  ########  ######   ########  #########  ######  ######
     ##        ##  ##    ##  ##       ##     ## ##     ##       ## ##
     ##       #### ##     ## ######## ########  ##     ##  ######  ########

You're about to initialize a Firebase project in this directory:

  C:\Users\moysa\Documents\UNICA\test-firebase-gha

[info] 
=== Project Setup
[info] 
[info] First, let's associate this project directory with a Firebase project.
[info] You can create multiple project aliases by running firebase use --add, 
[info] but for now we'll just set up a default project.
[info] 
[info] i  If you want to create a project in a Google Cloud organization or folder, please use "firebase projects:create" instead, and return to this command when you've created the project. 
[debug] [2021-11-17T23:40:22.020Z] >>> HTTP REQUEST POST https://cloudresourcemanager.googleapis.com/v1/projects  
 {"projectId":"test-firebase-gha","name":"test-firebase-gha"}
[debug] [2021-11-17T23:40:22.686Z] <<< HTTP RESPONSE 200 {"content-type":"application/json; charset=UTF-8","vary":"X-Origin, Referer, Origin,Accept-Encoding","date":"Wed, 17 Nov 2021 23:40:22 GMT","server":"ESF","cache-control":"private","x-xss-protection":"0","x-frame-options":"SAMEORIGIN","x-content-type-options":"nosniff","server-timing":"gfet4t7; dur=415","alt-svc":"h3=\":443\"; ma=2592000,h3-29=\":443\"; ma=2592000,h3-Q050=\":443\"; ma=2592000,h3-Q046=\":443\"; ma=2592000,h3-Q043=\":443\"; ma=2592000,quic=\":443\"; ma=2592000; v=\"46,43\"","accept-ranges":"none","transfer-encoding":"chunked"}
[debug] [2021-11-17T23:40:22.689Z] > refreshing access token with scopes: []
[debug] [2021-11-17T23:40:22.689Z] >>> HTTP REQUEST POST https://www.googleapis.com/oauth2/v3/token  
 <request body omitted>
[debug] [2021-11-17T23:40:22.934Z] <<< HTTP RESPONSE 200 {"cache-control":"no-cache, no-store, max-age=0, must-revalidate","expires":"Mon, 01 Jan 1990 00:00:00 GMT","pragma":"no-cache","date":"Wed, 17 Nov 2021 23:40:22 GMT","content-type":"application/json; charset=utf-8","vary":"X-Origin, Referer, Origin,Accept-Encoding","server":"scaffolding on HTTPServer2","x-xss-protection":"0","x-frame-options":"SAMEORIGIN","x-content-type-options":"nosniff","alt-svc":"h3=\":443\"; ma=2592000,h3-29=\":443\"; ma=2592000,h3-Q050=\":443\"; ma=2592000,h3-Q046=\":443\"; ma=2592000,h3-Q043=\":443\"; ma=2592000,quic=\":443\"; ma=2592000; v=\"46,43\"","accept-ranges":"none","transfer-encoding":"chunked"}
[debug] [2021-11-17T23:40:23.023Z] >>> [apiv2][query] GET https://cloudresourcemanager.googleapis.com/v1/operations/cp.9078724503630564341 [none]
[debug] [2021-11-17T23:40:23.684Z] <<< [apiv2][status] GET https://cloudresourcemanager.googleapis.com/v1/operations/cp.9078724503630564341 200
[debug] [2021-11-17T23:40:23.685Z] <<< [apiv2][body] GET https://cloudresourcemanager.googleapis.com/v1/operations/cp.9078724503630564341 {"name":"operations/cp.9078724503630564341"}
[debug] [2021-11-17T23:40:24.194Z] [Project Creation Poller] Retrying task index 0
[debug] [2021-11-17T23:40:24.210Z] >>> [apiv2][query] GET https://cloudresourcemanager.googleapis.com/v1/operations/cp.9078724503630564341 [none]
[debug] [2021-11-17T23:40:24.928Z] <<< [apiv2][status] GET https://cloudresourcemanager.googleapis.com/v1/operations/cp.9078724503630564341 200
[debug] [2021-11-17T23:40:24.928Z] <<< [apiv2][body] GET https://cloudresourcemanager.googleapis.com/v1/operations/cp.9078724503630564341 {"name":"operations/cp.9078724503630564341"}
[debug] [2021-11-17T23:40:25.933Z] [Project Creation Poller] Retrying task index 0
[debug] [2021-11-17T23:40:25.934Z] >>> [apiv2][query] GET https://cloudresourcemanager.googleapis.com/v1/operations/cp.9078724503630564341 [none]
[debug] [2021-11-17T23:40:26.585Z] <<< [apiv2][status] GET https://cloudresourcemanager.googleapis.com/v1/operations/cp.9078724503630564341 200
[debug] [2021-11-17T23:40:26.585Z] <<< [apiv2][body] GET https://cloudresourcemanager.googleapis.com/v1/operations/cp.9078724503630564341 {"name":"operations/cp.9078724503630564341","metadata":{"@type":"type.googleapis.com/google.cloudresourcemanager.v1.ProjectCreationStatus","gettable":true,"ready":true},"done":true,"response":{"@type":"type.googleapis.com/google.cloudresourcemanager.v1.Project","projectNumber":"732238124429","projectId":"test-firebase-gha","lifecycleState":"ACTIVE","name":"test-firebase-gha","createTime":"2021-11-17T23:40:22.063Z"}}
[debug] [2021-11-17T23:40:26.588Z] > refreshing access token with scopes: ["email","https://www.googleapis.com/auth/cloud-platform","https://www.googleapis.com/auth/cloudplatformprojects.readonly","https://www.googleapis.com/auth/firebase","openid"]
[debug] [2021-11-17T23:40:26.588Z] >>> HTTP REQUEST POST https://www.googleapis.com/oauth2/v3/token  
 <request body omitted>
[debug] [2021-11-17T23:40:26.947Z] <<< HTTP RESPONSE 200 {"expires":"Mon, 01 Jan 1990 00:00:00 GMT","cache-control":"no-cache, no-store, max-age=0, must-revalidate","date":"Wed, 17 Nov 2021 23:40:26 GMT","pragma":"no-cache","content-type":"application/json; charset=utf-8","vary":"X-Origin, Referer, Origin,Accept-Encoding","server":"scaffolding on HTTPServer2","x-xss-protection":"0","x-frame-options":"SAMEORIGIN","x-content-type-options":"nosniff","alt-svc":"h3=\":443\"; ma=2592000,h3-29=\":443\"; ma=2592000,h3-Q050=\":443\"; ma=2592000,h3-Q046=\":443\"; ma=2592000,h3-Q043=\":443\"; ma=2592000,quic=\":443\"; ma=2592000; v=\"46,43\"","accept-ranges":"none","transfer-encoding":"chunked"}
[debug] [2021-11-17T23:40:27.027Z] >>> HTTP REQUEST POST https://firebase.googleapis.com/v1beta1/projects/test-firebase-gha:addFirebase  
 
[debug] [2021-11-17T23:40:28.530Z] <<< HTTP RESPONSE 200 {"content-type":"application/json; charset=UTF-8","vary":"X-Origin, Referer, Origin,Accept-Encoding","date":"Wed, 17 Nov 2021 23:40:28 GMT","server":"ESF","cache-control":"private","x-xss-protection":"0","x-frame-options":"SAMEORIGIN","x-content-type-options":"nosniff","alt-svc":"h3=\":443\"; ma=2592000,h3-29=\":443\"; ma=2592000,h3-Q050=\":443\"; ma=2592000,h3-Q046=\":443\"; ma=2592000,h3-Q043=\":443\"; ma=2592000,quic=\":443\"; ma=2592000; v=\"46,43\"","accept-ranges":"none","transfer-encoding":"chunked"}
[debug] [2021-11-17T23:40:28.531Z] > refreshing access token with scopes: []
[debug] [2021-11-17T23:40:28.532Z] >>> HTTP REQUEST POST https://www.googleapis.com/oauth2/v3/token  
 <request body omitted>
[debug] [2021-11-17T23:40:28.743Z] <<< HTTP RESPONSE 200 {"date":"Wed, 17 Nov 2021 23:40:28 GMT","expires":"Mon, 01 Jan 1990 00:00:00 GMT","cache-control":"no-cache, no-store, max-age=0, must-revalidate","pragma":"no-cache","content-type":"application/json; charset=utf-8","vary":"X-Origin, Referer, Origin,Accept-Encoding","server":"scaffolding on HTTPServer2","x-xss-protection":"0","x-frame-options":"SAMEORIGIN","x-content-type-options":"nosniff","alt-svc":"h3=\":443\"; ma=2592000,h3-29=\":443\"; ma=2592000,h3-Q050=\":443\"; ma=2592000,h3-Q046=\":443\"; ma=2592000,h3-Q043=\":443\"; ma=2592000,quic=\":443\"; ma=2592000; v=\"46,43\"","accept-ranges":"none","transfer-encoding":"chunked"}
[debug] [2021-11-17T23:40:28.826Z] >>> [apiv2][query] GET https://firebase.googleapis.com/v1beta1/operations/workflows/NzZmMzE3OGQtYjgyOS00MjE0LThhOTUtZTRiODY0MDU4YmYx [none]
[debug] [2021-11-17T23:40:29.286Z] <<< [apiv2][status] GET https://firebase.googleapis.com/v1beta1/operations/workflows/NzZmMzE3OGQtYjgyOS00MjE0LThhOTUtZTRiODY0MDU4YmYx 200
[debug] [2021-11-17T23:40:29.286Z] <<< [apiv2][body] GET https://firebase.googleapis.com/v1beta1/operations/workflows/NzZmMzE3OGQtYjgyOS00MjE0LThhOTUtZTRiODY0MDU4YmYx {"name":"operations/workflows/NzZmMzE3OGQtYjgyOS00MjE0LThhOTUtZTRiODY0MDU4YmYx"}
[debug] [2021-11-17T23:40:29.793Z] [Add Firebase Poller] Retrying task index 0
[debug] [2021-11-17T23:40:29.793Z] >>> [apiv2][query] GET https://firebase.googleapis.com/v1beta1/operations/workflows/NzZmMzE3OGQtYjgyOS00MjE0LThhOTUtZTRiODY0MDU4YmYx [none]
[debug] [2021-11-17T23:40:30.279Z] <<< [apiv2][status] GET https://firebase.googleapis.com/v1beta1/operations/workflows/NzZmMzE3OGQtYjgyOS00MjE0LThhOTUtZTRiODY0MDU4YmYx 200
[debug] [2021-11-17T23:40:30.279Z] <<< [apiv2][body] GET https://firebase.googleapis.com/v1beta1/operations/workflows/NzZmMzE3OGQtYjgyOS00MjE0LThhOTUtZTRiODY0MDU4YmYx {"name":"operations/workflows/NzZmMzE3OGQtYjgyOS00MjE0LThhOTUtZTRiODY0MDU4YmYx"}
[debug] [2021-11-17T23:40:31.286Z] [Add Firebase Poller] Retrying task index 0
[debug] [2021-11-17T23:40:31.286Z] >>> [apiv2][query] GET https://firebase.googleapis.com/v1beta1/operations/workflows/NzZmMzE3OGQtYjgyOS00MjE0LThhOTUtZTRiODY0MDU4YmYx [none]
[debug] [2021-11-17T23:40:31.703Z] <<< [apiv2][status] GET https://firebase.googleapis.com/v1beta1/operations/workflows/NzZmMzE3OGQtYjgyOS00MjE0LThhOTUtZTRiODY0MDU4YmYx 200
[debug] [2021-11-17T23:40:31.703Z] <<< [apiv2][body] GET https://firebase.googleapis.com/v1beta1/operations/workflows/NzZmMzE3OGQtYjgyOS00MjE0LThhOTUtZTRiODY0MDU4YmYx {"name":"operations/workflows/NzZmMzE3OGQtYjgyOS00MjE0LThhOTUtZTRiODY0MDU4YmYx"}
[debug] [2021-11-17T23:40:33.715Z] [Add Firebase Poller] Retrying task index 0
[debug] [2021-11-17T23:40:33.716Z] >>> [apiv2][query] GET https://firebase.googleapis.com/v1beta1/operations/workflows/NzZmMzE3OGQtYjgyOS00MjE0LThhOTUtZTRiODY0MDU4YmYx [none]
[debug] [2021-11-17T23:40:34.188Z] <<< [apiv2][status] GET https://firebase.googleapis.com/v1beta1/operations/workflows/NzZmMzE3OGQtYjgyOS00MjE0LThhOTUtZTRiODY0MDU4YmYx 200
[debug] [2021-11-17T23:40:34.188Z] <<< [apiv2][body] GET https://firebase.googleapis.com/v1beta1/operations/workflows/NzZmMzE3OGQtYjgyOS00MjE0LThhOTUtZTRiODY0MDU4YmYx {"name":"operations/workflows/NzZmMzE3OGQtYjgyOS00MjE0LThhOTUtZTRiODY0MDU4YmYx"}
[debug] [2021-11-17T23:40:38.196Z] [Add Firebase Poller] Retrying task index 0
[debug] [2021-11-17T23:40:38.197Z] >>> [apiv2][query] GET https://firebase.googleapis.com/v1beta1/operations/workflows/NzZmMzE3OGQtYjgyOS00MjE0LThhOTUtZTRiODY0MDU4YmYx [none]
[debug] [2021-11-17T23:40:38.581Z] <<< [apiv2][status] GET https://firebase.googleapis.com/v1beta1/operations/workflows/NzZmMzE3OGQtYjgyOS00MjE0LThhOTUtZTRiODY0MDU4YmYx 200
[debug] [2021-11-17T23:40:38.581Z] <<< [apiv2][body] GET https://firebase.googleapis.com/v1beta1/operations/workflows/NzZmMzE3OGQtYjgyOS00MjE0LThhOTUtZTRiODY0MDU4YmYx {"name":"operations/workflows/NzZmMzE3OGQtYjgyOS00MjE0LThhOTUtZTRiODY0MDU4YmYx","done":true,"response":{"@type":"type.googleapis.com/google.firebase.service.v1beta1.FirebaseProject","projectId":"test-firebase-gha","projectNumber":"732238124429","displayName":"test-firebase-gha","name":"projects/test-firebase-gha","resources":{"hostingSite":"test-firebase-gha"}}}
[info] 
[info] === Your Firebase project is ready! ===
[info] 
[info] Project information:
[info]    - Project ID: test-firebase-gha
[info]    - Project Name: test-firebase-gha
[info] 
[info] Firebase console is available at
[info] https://console.firebase.google.com/project/test-firebase-gha/overview
[info] i  Using project test-firebase-gha (test-firebase-gha) 
[info] 
=== Hosting Setup
[info] 
[info] Your public directory is the folder (relative to your project directory) that
[info] will contain Hosting assets to be uploaded with firebase deploy. If you
[info] have a build process for your assets, use your build's output directory.
[info] 
[info] +  Wrote public/404.html 
[debug] [2021-11-17T23:41:21.062Z] >>> [apiv2][query] GET https://www.gstatic.com/firebasejs/releases.json [none]
[debug] [2021-11-17T23:41:21.243Z] <<< [apiv2][status] GET https://www.gstatic.com/firebasejs/releases.json 200
[debug] [2021-11-17T23:41:21.244Z] <<< [apiv2][body] GET https://www.gstatic.com/firebasejs/releases.json {"current":{"version":"9.4.1","browserURL":"https://www.gstatic.com/firebasejs/9.4.1/firebase.js","packageURL":"https://www.gstatic.com/firebasejs/9.4.1/firebase.tgz"},"live":{"version":"9.4","browserURL":"https://www.gstatic.com/firebasejs/live/9.4/firebase.js","packageURL":"https://www.gstatic.com/firebasejs/live/9.4/firebase.tgz"},"components":{"analytics":"https://www.gstatic.com/firebasejs/9.4.1/firebase-analytics.js","app":"https://www.gstatic.com/firebasejs/9.4.1/firebase-app.js","app-check":"https://www.gstatic.com/firebasejs/9.4.1/firebase-app-check.js","auth":"https://www.gstatic.com/firebasejs/9.4.1/firebase-auth.js","auth/cordova":"https://www.gstatic.com/firebasejs/9.4.1/firebase-auth/cordova.js","auth/react-native":"https://www.gstatic.com/firebasejs/9.4.1/firebase-auth/react-native.js","functions":"https://www.gstatic.com/firebasejs/9.4.1/firebase-functions.js","firestore":"https://www.gstatic.com/firebasejs/9.4.1/firebase-firestore.js","firestore/lite":"https://www.gstatic.com/firebasejs/9.4.1/firebase-firestore/lite.js","storage":"https://www.gstatic.com/firebasejs/9.4.1/firebase-storage.js","performance":"https://www.gstatic.com/firebasejs/9.4.1/firebase-performance.js","remote-config":"https://www.gstatic.com/firebasejs/9.4.1/firebase-remote-config.js","messaging":"https://www.gstatic.com/firebasejs/9.4.1/firebase-messaging.js","messaging/sw":"https://www.gstatic.com/firebasejs/9.4.1/firebase-messaging/sw.js","database":"https://www.gstatic.com/firebasejs/9.4.1/firebase-database.js","firestore.memory":"https://www.gstatic.com/firebasejs/9.4.1/firebase-firestore.memory.js"}}
[info] +  Wrote public/index.html 
[info] 
[info] i  Didn't detect a .git folder. Assuming C:\Users\moysa\Documents\UNICA\test-firebase-gha is the project root. 
[info] i  Authorizing with GitHub to upload your service account to a GitHub repository's secrets store. 
[info] 
[info] Visit this URL on this device to log in:
[info] https://github.com/login/oauth/authorize?client_id=89cf50f02ac6aaed3484&state=541825116&redirect_uri=http%3A%2F%2Flocalhost%3A9005&scope=read%3Auser%20repo%20public_repo
[info] 
[info] Waiting for authentication...
[debug] [2021-11-17T23:41:22.423Z] >>> HTTP REQUEST POST https://github.com/login/oauth/access_token  
 {"client_id":"89cf50f02ac6aaed3484","client_secret":"3330d14abc895d9a74d5f17cd7a00711fa2c5bf0","code":"8fab76cfad296eeffb97","redirect_uri":"http://localhost:9005","state":"541825116"}
[debug] [2021-11-17T23:41:22.777Z] <<< HTTP RESPONSE 200 {"server":"GitHub.com","date":"Wed, 17 Nov 2021 23:41:22 GMT","content-type":"application/json; charset=utf-8","transfer-encoding":"chunked","vary":"X-PJAX, X-PJAX-Container, Accept-Encoding, Accept, X-Requested-With","permissions-policy":"interest-cohort=()","etag":"W/\"2fd151dd934924241989f5b93ee21c24\"","cache-control":"max-age=0, private, must-revalidate","strict-transport-security":"max-age=31536000; includeSubdomains; preload","x-frame-options":"deny","x-content-type-options":"nosniff","x-xss-protection":"0","referrer-policy":"origin-when-cross-origin, strict-origin-when-cross-origin","expect-ct":"max-age=2592000, report-uri=\"https://api.github.com/_private/browser/errors\"","content-security-policy":"default-src 'none'; base-uri 'self'; block-all-mixed-content; child-src github.com/assets-cdn/worker/ gist.github.com/assets-cdn/worker/; connect-src 'self' uploads.github.com objects-origin.githubusercontent.com www.githubstatus.com collector.githubapp.com api.github.com github-cloud.s3.amazonaws.com github-production-repository-file-5c1aeb.s3.amazonaws.com github-production-upload-manifest-file-7fdce7.s3.amazonaws.com github-production-user-asset-6210df.s3.amazonaws.com cdn.optimizely.com logx.optimizely.com/v1/events translator.github.com wss://alive.github.com; font-src github.githubassets.com; form-action 'self' github.com gist.github.com objects-origin.githubusercontent.com; frame-ancestors 'none'; frame-src render.githubusercontent.com viewscreen.githubusercontent.com notebooks.githubusercontent.com; img-src 'self' data: github.githubassets.com identicons.github.com collector.githubapp.com github-cloud.s3.amazonaws.com secured-user-images.githubusercontent.com/ *.githubusercontent.com; manifest-src 'self'; media-src github.com user-images.githubusercontent.com/; script-src github.githubassets.com; style-src 'unsafe-inline' github.githubassets.com; worker-src github.com/assets-cdn/worker/ gist.github.com/assets-cdn/worker/","x-github-request-id":"D56C:0E11:809DBC:F84263:61959322"}
[debug] [2021-11-17T23:41:22.834Z] >>> [apiv2][query] GET https://api.github.com/user [none]
[debug] [2021-11-17T23:41:23.295Z] <<< [apiv2][status] GET https://api.github.com/user 200
[debug] [2021-11-17T23:41:23.295Z] <<< [apiv2][body] GET https://api.github.com/user {"login":"MoY8462","id":54375661,"node_id":"MDQ6VXNlcjU0Mzc1NjYx","avatar_url":"https://avatars.githubusercontent.com/u/54375661?v=4","gravatar_id":"","url":"https://api.github.com/users/MoY8462","html_url":"https://github.com/MoY8462","followers_url":"https://api.github.com/users/MoY8462/followers","following_url":"https://api.github.com/users/MoY8462/following{/other_user}","gists_url":"https://api.github.com/users/MoY8462/gists{/gist_id}","starred_url":"https://api.github.com/users/MoY8462/starred{/owner}{/repo}","subscriptions_url":"https://api.github.com/users/MoY8462/subscriptions","organizations_url":"https://api.github.com/users/MoY8462/orgs","repos_url":"https://api.github.com/users/MoY8462/repos","events_url":"https://api.github.com/users/MoY8462/events{/privacy}","received_events_url":"https://api.github.com/users/MoY8462/received_events","type":"User","site_admin":false,"name":null,"company":null,"blog":"","location":null,"email":null,"hireable":null,"bio":null,"twitter_username":null,"public_repos":11,"public_gists":1,"followers":0,"following":2,"created_at":"2019-08-21T19:30:27Z","updated_at":"2021-11-17T22:53:19Z","private_gists":0,"total_private_repos":5,"owned_private_repos":5,"disk_usage":14246,"collaborators":0,"two_factor_authentication":false,"plan":{"name":"free","space":976562499,"collaborators":0,"private_repos":10000}}
[info] 
[info] +  Success! Logged into GitHub as MoY8462 
[info] 
